<?xml version="1.0" encoding="UTF-8"?>
<testsuite name="ru.chlek.learn.addressbook.GroupCreationTests" tests="1" skipped="0" failures="0" errors="0" timestamp="2020-04-25T15:04:25" hostname="MacBook-Pro-mac.local" time="1.63">
  <properties/>
  <testcase name="testGroupCreation" classname="ru.chlek.learn.addressbook.GroupCreationTests" time="1.63"/>
  <system-out><![CDATA[]]></system-out>
  <system-err><![CDATA[Starting ChromeDriver 81.0.4044.69 (6813546031a4bc83f717a2ef7cd4ac6ec1199132-refs/branch-heads/4044@{#776}) on port 14122
Only local connections are allowed.
Please protect ports used by ChromeDriver and related test frameworks to prevent access by malicious code.
апр 25, 2020 6:04:24 PM org.openqa.selenium.remote.ProtocolHandshake createSession
INFO: Detected dialect: W3C
[1587827065.771][SEVERE]: Timed out receiving message from renderer: 0.100
]]></system-err>
</testsuite>
