<?xml version="1.0" encoding="UTF-8"?>
<testsuite name="ru.chlek.learn.addressbook.tests.ContactDeletionTests" tests="1" skipped="0" failures="0" errors="0" timestamp="2020-04-26T20:58:21" hostname="MacBook-Pro-mac.local" time="0.269">
  <properties/>
  <testcase name="testContactDeletion" classname="ru.chlek.learn.addressbook.tests.ContactDeletionTests" time="0.269"/>
  <system-out><![CDATA[]]></system-out>
  <system-err><![CDATA[Starting ChromeDriver 81.0.4044.69 (6813546031a4bc83f717a2ef7cd4ac6ec1199132-refs/branch-heads/4044@{#776}) on port 11682
Only local connections are allowed.
Please protect ports used by ChromeDriver and related test frameworks to prevent access by malicious code.
апр 26, 2020 11:58:19 PM org.openqa.selenium.remote.ProtocolHandshake createSession
INFO: Detected dialect: W3C
]]></system-err>
</testsuite>
