<?xml version="1.0" encoding="UTF-8"?>
<testsuite name="ru.chlek.learn.addressbook.homework1" tests="1" skipped="0" failures="0" errors="0" timestamp="2020-04-25T15:46:42" hostname="MacBook-Pro-mac.local" time="2.14">
  <properties/>
  <testcase name="testContactCreation" classname="ru.chlek.learn.addressbook.homework1" time="2.14"/>
  <system-out><![CDATA[]]></system-out>
  <system-err><![CDATA[Starting ChromeDriver 81.0.4044.69 (6813546031a4bc83f717a2ef7cd4ac6ec1199132-refs/branch-heads/4044@{#776}) on port 20154
Only local connections are allowed.
Please protect ports used by ChromeDriver and related test frameworks to prevent access by malicious code.
апр 25, 2020 6:46:41 PM org.openqa.selenium.remote.ProtocolHandshake createSession
INFO: Detected dialect: W3C
]]></system-err>
</testsuite>
